d:\git\twsl421\slt_handler\dll_src\iocp_socket\iocp_socket_library\debug\iocp_socket_library_d.pch
d:\git\twsl421\slt_handler\dll_src\iocp_socket\iocp_socket_library\debug\vc140.pdb
d:\git\twsl421\slt_handler\dll_src\iocp_socket\iocp_socket_library\debug\vc140.idb
d:\git\twsl421\slt_handler\dll_src\iocp_socket\iocp_socket_library\debug\stdafx.obj
d:\git\twsl421\slt_handler\dll_src\iocp_socket\iocp_socket_library\debug\clientconnection.obj
d:\git\twsl421\slt_handler\dll_src\iocp_socket\iocp_socket_library\debug\iocp_core.obj
d:\git\twsl421\slt_handler\dll_src\iocp_socket\iocp_socket_library\debug\iocp_socket_library.obj
d:\git\twsl421\bin\iocp_socket_library_d.lib
d:\git\twsl421\bin\iocp_socket_library_d.exp
d:\git\twsl421\bin\iocp_socket_library_d.ilk
d:\git\twsl421\bin\iocp_socket_library_d.dll
d:\git\twsl421\bin\iocp_socket_library_d.pdb
d:\git\twsl421\slt_handler\dll_src\iocp_socket\iocp_socket_library\debug\iocp_socket_library.res
d:\git\twsl421\slt_handler\slt_mc\..\..\bin\iocp_socket_library_d.pdb
d:\git\twsl421\slt_handler\slt_mc\..\..\bin\iocp_socket_library_d.dll
d:\git\twsl421\slt_handler\slt_mc\..\..\bin\iocp_socket_library_d.ilk
d:\git\twsl421\slt_handler\dll_src\iocp_socket\iocp_socket_library\debug\iocp_soc.1c69a2bb.tlog\cl.command.1.tlog
d:\git\twsl421\slt_handler\dll_src\iocp_socket\iocp_socket_library\debug\iocp_soc.1c69a2bb.tlog\cl.read.1.tlog
d:\git\twsl421\slt_handler\dll_src\iocp_socket\iocp_socket_library\debug\iocp_soc.1c69a2bb.tlog\cl.write.1.tlog
d:\git\twsl421\slt_handler\dll_src\iocp_socket\iocp_socket_library\debug\iocp_soc.1c69a2bb.tlog\iocp_socket_library.write.1u.tlog
d:\git\twsl421\slt_handler\dll_src\iocp_socket\iocp_socket_library\debug\iocp_soc.1c69a2bb.tlog\link.command.1.tlog
d:\git\twsl421\slt_handler\dll_src\iocp_socket\iocp_socket_library\debug\iocp_soc.1c69a2bb.tlog\link.read.1.tlog
d:\git\twsl421\slt_handler\dll_src\iocp_socket\iocp_socket_library\debug\iocp_soc.1c69a2bb.tlog\link.write.1.tlog
d:\git\twsl421\slt_handler\dll_src\iocp_socket\iocp_socket_library\debug\iocp_soc.1c69a2bb.tlog\rc.command.1.tlog
d:\git\twsl421\slt_handler\dll_src\iocp_socket\iocp_socket_library\debug\iocp_soc.1c69a2bb.tlog\rc.read.1.tlog
d:\git\twsl421\slt_handler\dll_src\iocp_socket\iocp_socket_library\debug\iocp_soc.1c69a2bb.tlog\rc.write.1.tlog
